<?xml version="1.0" encoding="UTF-8"?>
<!-- Generated by org.testng.reporters.JUnitReportReporter -->
<testsuite skipped="0" hostname="XYZ" name="com.Runner.runnerCls" tests="1" failures="0" timestamp="2020-10-07T10:10:30 IST" time="12.472" errors="0">
  <testcase name="runScenario" time="12.472" classname="com.Runner.runnerCls"/>
</testsuite> <!-- com.Runner.runnerCls -->
